2026-02-08 12:08:14,198 | ==========  Problem 3 ==========
2026-02-08 12:08:14,198 | Grid size: 5x5
2026-02-08 12:08:14,198 | Goal state: (4, 4) (terminal)
2026-02-08 12:08:14,198 | Grey states: [(0, 4), (2, 2), (3, 0)]
2026-02-08 12:08:14,198 | Rewards: +10 at GOAL, -5 at GREY, -1 otherwise
2026-02-08 12:08:14,198 | Parameters: gamma=0.95, theta=1e-08, max_iters=100000
2026-02-08 12:08:14,198 | Actions: R, D, L, U (deterministic); invalid move => stay
2026-02-08 12:08:14,198 | ------------------------------------------------------
2026-02-08 12:08:14,199 | [VI-SYNC] iter=00001 delta=5.000000000000
2026-02-08 12:08:14,199 | [VI-SYNC] iter=00002 delta=9.500000000000
2026-02-08 12:08:14,199 | [VI-SYNC] iter=00003 delta=9.025000000000
2026-02-08 12:08:14,201 | [VI-SYNC] iter=00004 delta=8.573750000000
2026-02-08 12:08:14,202 | [VI-SYNC] iter=00005 delta=8.145062500000
2026-02-08 12:08:14,202 | [VI-SYNC] iter=00006 delta=7.737809375000
2026-02-08 12:08:14,203 | [VI-SYNC] iter=00007 delta=7.350918906250
2026-02-08 12:08:14,203 | [VI-SYNC] iter=00008 delta=6.983372960937
2026-02-08 12:08:14,203 | [VI-SYNC] iter=00009 delta=6.634204312891
2026-02-08 12:08:14,203 | [VI-SYNC] iter=00010 delta=0.000000000000
2026-02-08 12:08:14,203 | ----- Final Results: Synchronous Value Iteration -----
2026-02-08 12:08:14,203 | Converged in 10 iterations, time=0.005190 sec
2026-02-08 12:08:14,204 | V* (rounded to 6):
[[-0.097387  0.950119  2.052757  3.213428  0.435187]
 [ 0.950119  2.052757  3.213428  4.435187  5.72125 ]
 [ 2.052757  3.213428  0.435187  5.72125   7.075   ]
 [-0.786572  4.435187  5.72125   7.075     8.5     ]
 [ 4.435187  5.72125   7.075     8.5      10.      ]]
2026-02-08 12:08:14,204 | pi*:
[['R' 'R' 'R' 'D' 'D']
 ['R' 'R' 'R' 'R' 'D']
 ['R' 'D' 'R' 'R' 'D']
 ['R' 'R' 'R' 'R' 'D']
 ['R' 'R' 'R' 'R' 'T']]
2026-02-08 12:08:14,205 | [VI-INPLACE] iter=00001 delta=10.000000000000
2026-02-08 12:08:14,205 | [VI-INPLACE] iter=00002 delta=9.500000000000
2026-02-08 12:08:14,205 | [VI-INPLACE] iter=00003 delta=9.025000000000
2026-02-08 12:08:14,205 | [VI-INPLACE] iter=00004 delta=8.573750000000
2026-02-08 12:08:14,206 | [VI-INPLACE] iter=00005 delta=8.145062500000
2026-02-08 12:08:14,206 | [VI-INPLACE] iter=00006 delta=7.737809375000
2026-02-08 12:08:14,206 | [VI-INPLACE] iter=00007 delta=7.350918906250
2026-02-08 12:08:14,206 | [VI-INPLACE] iter=00008 delta=6.983372960937
2026-02-08 12:08:14,206 | [VI-INPLACE] iter=00009 delta=6.634204312891
2026-02-08 12:08:14,207 | [VI-INPLACE] iter=00010 delta=0.000000000000
2026-02-08 12:08:14,207 | ----- Final Results: In-Place Value Iteration -----
2026-02-08 12:08:14,207 | Converged in 10 iterations, time=0.002002 sec
2026-02-08 12:08:14,207 | V* (rounded to 6):
[[-0.097387  0.950119  2.052757  3.213428  0.435187]
 [ 0.950119  2.052757  3.213428  4.435187  5.72125 ]
 [ 2.052757  3.213428  0.435187  5.72125   7.075   ]
 [-0.786572  4.435187  5.72125   7.075     8.5     ]
 [ 4.435187  5.72125   7.075     8.5      10.      ]]
2026-02-08 12:08:14,207 | pi*:
[['R' 'R' 'R' 'D' 'D']
 ['R' 'R' 'R' 'R' 'D']
 ['R' 'D' 'R' 'R' 'D']
 ['R' 'R' 'R' 'R' 'D']
 ['R' 'R' 'R' 'R' 'T']]
2026-02-08 12:08:14,207 | ----- Comparison (Sync vs In-Place) -----
2026-02-08 12:08:14,208 | Max abs difference in V: 0.000000000000e+00
2026-02-08 12:08:14,208 | Policies identical? True
2026-02-08 12:08:14,208 | Sync: iterations=10, time=0.005190
2026-02-08 12:08:14,208 | InPlace: iterations=10, time=0.002002
2026-02-08 12:08:14,208 | ======================================================
